============================= test session starts ==============================
created: 2/2 workers
2 workers [8 items]

scheduling tests via LoadScheduling

presigned-urls_test.py::test_presigned_get_url[bucket_with_one_object0] 
presigned-urls_test.py::test_presigned_get_url[bucket_with_one_object2] 
[gw0] [ 12%] PASSED presigned-urls_test.py::test_presigned_get_url[bucket_with_one_object0] 
[gw1] [ 25%] PASSED presigned-urls_test.py::test_presigned_get_url[bucket_with_one_object2] 
presigned-urls_test.py::test_presigned_get_url[bucket_with_one_object1] 
presigned-urls_test.py::test_presigned_get_url[bucket_with_one_object3] 
[gw1] [ 37%] PASSED presigned-urls_test.py::test_presigned_get_url[bucket_with_one_object3] 
[gw0] [ 50%] PASSED presigned-urls_test.py::test_presigned_get_url[bucket_with_one_object1] 
presigned-urls_test.py::test_presigned_put_url[another/object-key] 
presigned-urls_test.py::test_presigned_put_url[object-key.txt] 
[gw0] [ 62%] PASSED presigned-urls_test.py::test_presigned_put_url[object-key.txt] 
[gw1] [ 75%] PASSED presigned-urls_test.py::test_presigned_put_url[another/object-key] 
presigned-urls_test.py::test_presigned_put_url_with_acl 
presigned-urls_test.py::test_presigned_put_url[an/object/key/with/many/slashes.txtan/object/key/with/many/slashes/Nome de Arquivo grand\xe3o e com acentua\xe7\xe3o \U0001f389 \U0001f973 \U0001f618.txt] 
[gw1] [ 87%] PASSED presigned-urls_test.py::test_presigned_put_url[an/object/key/with/many/slashes.txtan/object/key/with/many/slashes/Nome de Arquivo grand\xe3o e com acentua\xe7\xe3o \U0001f389 \U0001f973 \U0001f618.txt] 
[gw0] [100%] PASSED presigned-urls_test.py::test_presigned_put_url_with_acl 

============================= fixture duration top =============================
total          name                            num avg            min           
0:00:09.724594          bucket_with_one_object   4 0:00:02.182160 0:00:01.848109
0:00:05.259950            existing_bucket_name   4 0:00:01.327316 0:00:01.238487
0:00:00.576615                       s3_client   8 0:00:00.071074 0:00:00.063950
0:00:00.011151                     test_params   8 0:00:00.001285 0:00:00.001119
0:00:15.572571                     grand total  35 0:00:00.036179 0:00:00.000018
============================ test call duration top ============================
total          name                            num avg            min           
0:00:04.780170          test_presigned_put_url   3 0:00:01.462466 0:00:01.342658
0:00:02.322802          test_presigned_get_url   4 0:00:00.578347 0:00:00.516710
0:00:02.100007 test_presigned_put_url_with_acl   1 0:00:02.100007 0:00:02.100007
0:00:09.202979                     grand total   8 0:00:01.462466 0:00:00.516710
=========================== test setup duration top ============================
total          name                            num avg            min           
0:00:10.014447          test_presigned_get_url   4 0:00:02.256145 0:00:01.920570
0:00:04.107038          test_presigned_put_url   3 0:00:01.390203 0:00:01.304889
0:00:01.454272 test_presigned_put_url_with_acl   1 0:00:01.454272 0:00:01.454272
0:00:15.575758                     grand total   8 0:00:01.454272 0:00:01.304889
========================== test teardown duration top ==========================
total          name                            num avg            min           
0:00:05.581853          test_presigned_get_url   4 0:00:01.277662 0:00:01.204210
0:00:04.575622          test_presigned_put_url   3 0:00:01.708220 0:00:01.154694
0:00:01.230503 test_presigned_put_url_with_acl   1 0:00:01.230503 0:00:01.230503
0:00:11.387978                     grand total   8 0:00:01.277662 0:00:01.154694
============================== 8 passed in 19.30s ==============================
