============================= test session starts ==============================
created: 2/2 workers
2 workers [5 items]

scheduling tests via LoadScheduling

cold_storage_test.py::test_boto_upload_object_with_cold_storage_class 
cold_storage_test.py::test_boto_object_with_custom_metadata_acls_and_storage_class 
[gw1] [ 20%] PASSED cold_storage_test.py::test_boto_object_with_custom_metadata_acls_and_storage_class 
[gw0] [ 40%] PASSED cold_storage_test.py::test_boto_upload_object_with_cold_storage_class 
cold_storage_test.py::test_boto_list_objects_with_cold_storage_class[bucket_with_one_object0] 
cold_storage_test.py::test_boto_change_object_class_to_cold_storage[bucket_with_one_object0] 
[gw1] [ 60%] PASSED cold_storage_test.py::test_boto_list_objects_with_cold_storage_class[bucket_with_one_object0] 
[gw0] [ 80%] PASSED cold_storage_test.py::test_boto_change_object_class_to_cold_storage[bucket_with_one_object0] 
cold_storage_test.py::test_boto_multipart_upload_with_cold_storage_class 
[gw1] [100%] PASSED cold_storage_test.py::test_boto_multipart_upload_with_cold_storage_class 

=========================================== fixture duration top ============================================
total          name                                                         num avg            min           
0:00:04.000701                                         existing_bucket_name   3 0:00:01.365125 0:00:01.242947
0:00:03.739233                                       bucket_with_one_object   2 0:00:01.869617 0:00:01.845392
0:00:02.452120                    bucket_with_one_storage_class_cold_object   1 0:00:02.452120 0:00:02.452120
0:00:00.363040                                                    s3_client   5 0:00:00.076401 0:00:00.065678
0:00:00.007554                                                  test_params   5 0:00:00.001377 0:00:00.001265
0:00:10.563732                                                  grand total  22 0:00:00.076401 0:00:00.000020
========================================== test call duration top ===========================================
total          name                                                         num avg            min           
0:00:05.961940           test_boto_multipart_upload_with_cold_storage_class   1 0:00:05.961940 0:00:05.961940
0:00:02.250151                test_boto_change_object_class_to_cold_storage   1 0:00:02.250151 0:00:02.250151
0:00:01.583453              test_boto_upload_object_with_cold_storage_class   1 0:00:01.583453 0:00:01.583453
0:00:01.463201 test_boto_object_with_custom_metadata_acls_and_storage_class   1 0:00:01.463201 0:00:01.463201
0:00:00.208072               test_boto_list_objects_with_cold_storage_class   1 0:00:00.208072 0:00:00.208072
0:00:11.466817                                                  grand total   5 0:00:01.583453 0:00:00.208072
========================================== test setup duration top ==========================================
total          name                                                         num avg            min           
0:00:04.376069               test_boto_list_objects_with_cold_storage_class   1 0:00:04.376069 0:00:04.376069
0:00:01.963328                test_boto_change_object_class_to_cold_storage   1 0:00:01.963328 0:00:01.963328
0:00:01.471386              test_boto_upload_object_with_cold_storage_class   1 0:00:01.471386 0:00:01.471386
0:00:01.443902 test_boto_object_with_custom_metadata_acls_and_storage_class   1 0:00:01.443902 0:00:01.443902
0:00:01.311367           test_boto_multipart_upload_with_cold_storage_class   1 0:00:01.311367 0:00:01.311367
0:00:10.566052                                                  grand total   5 0:00:01.471386 0:00:01.311367
======================================== test teardown duration top =========================================
total          name                                                         num avg            min           
0:00:03.166642              test_boto_upload_object_with_cold_storage_class   1 0:00:03.166642 0:00:03.166642
0:00:02.724315           test_boto_multipart_upload_with_cold_storage_class   1 0:00:02.724315 0:00:02.724315
0:00:02.284157               test_boto_list_objects_with_cold_storage_class   1 0:00:02.284157 0:00:02.284157
0:00:01.812568 test_boto_object_with_custom_metadata_acls_and_storage_class   1 0:00:01.812568 0:00:01.812568
0:00:01.658326                test_boto_change_object_class_to_cold_storage   1 0:00:01.658326 0:00:01.658326
0:00:11.646008                                                  grand total   5 0:00:02.284157 0:00:01.658326
============================== 5 passed in 22.77s ==============================
